<?xml version="1.0" encoding="UTF-8"?>
<robot generator="Robot 4.1.3 (Python 3.10.2 on win32)" generated="20220209 09:03:15.903" rpa="false" schemaversion="2">
<suite id="s1" name="Orange Hrm1 Suite" source="C:\Users\yamini\PycharmProjects\Robotics\selenium_suite\orange_hrm1_suite.robot">
<test id="s1-t1" name="TC1 Valid Login">
<kw name="Append To Environment Variable" library="OperatingSystem">
<arg>path</arg>
<arg>${EXECDIR}\\drivers</arg>
<doc>Appends given ``values`` to environment variable ``name``.</doc>
<msg timestamp="20220209 09:03:17.779" level="INFO">Environment variable 'path' set to value 'C:\Users\yamini\PycharmProjects\Robotics\venv\Scripts;C:\Program Files\Common Files\Oracle\Java\javapath;C:\Users\yamini\AppData\Local\Programs\Python\Launcher\;C:\Program Files\Common Files\Oracle\Java\javapath;C:\Users\yamini\AppData\Local\Programs\Python\Python310\Scripts\;C:\Users\yamini\AppData\Local\Programs\Python\Python310\Scripts\;C:\Users\yamini\AppData\Local\Programs\Python\Python310\;C:\Program Files\Java\jdk-17.0.1\bin;;C:\Users\yamini\AppData\Local\Programs\Microsoft VS Code\bin;C:\Program Files\JetBrains\PyCharm Community Edition 2021.3.2\bin;;C:\Users\yamini\PycharmProjects\Robotics\selenium_suite\drivers'.</msg>
<status status="PASS" starttime="20220209 09:03:17.738" endtime="20220209 09:03:17.779"/>
</kw>
<kw name="Open Browser" library="SeleniumLibrary">
<arg>url=https://robotframework.org/SeleniumLibrary/SeleniumLibrary.html</arg>
<arg>browser=chrome</arg>
<doc>Opens a new browser instance to the optional ``url``.</doc>
<msg timestamp="20220209 09:03:17.779" level="INFO">Opening browser 'chrome' to base url 'https://robotframework.org/SeleniumLibrary/SeleniumLibrary.html'.</msg>
<msg timestamp="20220209 09:03:18.330" level="INFO">Cannot capture screenshot because no browser is open.</msg>
<msg timestamp="20220209 09:03:18.342" level="FAIL">WebDriverException: Message: 'chromedriver' executable needs to be in PATH. Please see https://chromedriver.chromium.org/home
</msg>
<status status="FAIL" starttime="20220209 09:03:17.779" endtime="20220209 09:03:18.343"/>
</kw>
<status status="FAIL" starttime="20220209 09:03:17.733" endtime="20220209 09:03:18.343">WebDriverException: Message: 'chromedriver' executable needs to be in PATH. Please see https://chromedriver.chromium.org/home
</status>
</test>
<status status="FAIL" starttime="20220209 09:03:15.911" endtime="20220209 09:03:18.423"/>
</suite>
<statistics>
<total>
<stat pass="0" fail="1" skip="0">All Tests</stat>
</total>
<tag>
</tag>
<suite>
<stat pass="0" fail="1" skip="0" id="s1" name="Orange Hrm1 Suite">Orange Hrm1 Suite</stat>
</suite>
</statistics>
<errors>
</errors>
</robot>
